<?xml version="1.0" encoding="UTF-8"?>
<!-- Generated by org.testng.reporters.JUnitReportReporter -->
<testsuite name="com.org.learningMaven.HelloWorldTest" tests="1" time="14.355" ignored="0" failures="0" timestamp="28 May 2017 19:11:45 GMT" skipped="0" hostname="vishal-PC" errors="0">
  <testcase name="login" time="14.355" classname="com.org.learningMaven.HelloWorldTest"/>
</testsuite> <!-- com.org.learningMaven.HelloWorldTest -->
